[2026-03-25 12:48:28] (ERROR @ C:\xampp\htdocs\srilankarentacar.com\core\cache\includes\elements\modx\revolution\modsnippet\10.include.cache.php : 49) PHP warning: Undefined variable $baseRental
[2026-03-25 12:48:28] (ERROR @ C:\xampp\htdocs\srilankarentacar.com\core\cache\includes\elements\modx\revolution\modsnippet\10.include.cache.php : 54) PHP warning: Undefined variable $discountAppliesToThisVehicle
[2026-03-25 12:48:28] (ERROR @ C:\xampp\htdocs\srilankarentacar.com\core\cache\includes\elements\modx\revolution\modsnippet\10.include.cache.php : 55) PHP warning: Undefined variable $discountAppliesToThisVehicle
[2026-03-25 12:48:28] (ERROR @ C:\xampp\htdocs\srilankarentacar.com\core\cache\includes\elements\modx\revolution\modsnippet\10.include.cache.php : 56) PHP warning: Undefined variable $baseRentalOriginal
[2026-03-25 12:49:38] (ERROR @ C:\xampp\htdocs\srilankarentacar.com\core\cache\includes\elements\modx\revolution\modsnippet\10.include.cache.php : 49) PHP warning: Undefined variable $baseRental
[2026-03-25 12:49:38] (ERROR @ C:\xampp\htdocs\srilankarentacar.com\core\cache\includes\elements\modx\revolution\modsnippet\10.include.cache.php : 54) PHP warning: Undefined variable $discountAppliesToThisVehicle
[2026-03-25 12:49:38] (ERROR @ C:\xampp\htdocs\srilankarentacar.com\core\cache\includes\elements\modx\revolution\modsnippet\10.include.cache.php : 55) PHP warning: Undefined variable $discountAppliesToThisVehicle
[2026-03-25 12:49:38] (ERROR @ C:\xampp\htdocs\srilankarentacar.com\core\cache\includes\elements\modx\revolution\modsnippet\10.include.cache.php : 56) PHP warning: Undefined variable $baseRentalOriginal
[2026-03-25 12:52:28] (ERROR @ C:\xampp\htdocs\srilankarentacar.com\core\cache\includes\elements\modx\revolution\modsnippet\10.include.cache.php : 49) PHP warning: Undefined variable $baseRental
[2026-03-25 12:52:28] (ERROR @ C:\xampp\htdocs\srilankarentacar.com\core\cache\includes\elements\modx\revolution\modsnippet\10.include.cache.php : 54) PHP warning: Undefined variable $discountAppliesToThisVehicle
[2026-03-25 12:52:28] (ERROR @ C:\xampp\htdocs\srilankarentacar.com\core\cache\includes\elements\modx\revolution\modsnippet\10.include.cache.php : 55) PHP warning: Undefined variable $discountAppliesToThisVehicle
[2026-03-25 12:52:28] (ERROR @ C:\xampp\htdocs\srilankarentacar.com\core\cache\includes\elements\modx\revolution\modsnippet\10.include.cache.php : 56) PHP warning: Undefined variable $baseRentalOriginal
[2026-03-25 12:53:20] (ERROR @ C:\xampp\htdocs\srilankarentacar.com\core\cache\includes\elements\modx\revolution\modsnippet\10.include.cache.php : 49) PHP warning: Undefined variable $baseRental
[2026-03-25 12:53:20] (ERROR @ C:\xampp\htdocs\srilankarentacar.com\core\cache\includes\elements\modx\revolution\modsnippet\10.include.cache.php : 54) PHP warning: Undefined variable $discountAppliesToThisVehicle
[2026-03-25 12:53:20] (ERROR @ C:\xampp\htdocs\srilankarentacar.com\core\cache\includes\elements\modx\revolution\modsnippet\10.include.cache.php : 55) PHP warning: Undefined variable $discountAppliesToThisVehicle
[2026-03-25 12:53:20] (ERROR @ C:\xampp\htdocs\srilankarentacar.com\core\cache\includes\elements\modx\revolution\modsnippet\10.include.cache.php : 56) PHP warning: Undefined variable $baseRentalOriginal
[2026-03-25 12:53:33] (ERROR @ C:\xampp\htdocs\srilankarentacar.com\core\cache\includes\elements\modx\revolution\modsnippet\10.include.cache.php : 49) PHP warning: Undefined variable $baseRental
[2026-03-25 12:53:33] (ERROR @ C:\xampp\htdocs\srilankarentacar.com\core\cache\includes\elements\modx\revolution\modsnippet\10.include.cache.php : 54) PHP warning: Undefined variable $discountAppliesToThisVehicle
[2026-03-25 12:53:33] (ERROR @ C:\xampp\htdocs\srilankarentacar.com\core\cache\includes\elements\modx\revolution\modsnippet\10.include.cache.php : 55) PHP warning: Undefined variable $discountAppliesToThisVehicle
[2026-03-25 12:53:33] (ERROR @ C:\xampp\htdocs\srilankarentacar.com\core\cache\includes\elements\modx\revolution\modsnippet\10.include.cache.php : 56) PHP warning: Undefined variable $baseRentalOriginal
[2026-03-25 12:54:30] (ERROR @ C:\xampp\htdocs\srilankarentacar.com\core\vendor\xpdo\xpdo\src\xPDO\Cache\xPDOCacheManager.php : 319) PHP warning: mkdir(): File exists
[2026-03-25 12:54:30] (ERROR @ C:\xampp\htdocs\srilankarentacar.com\core\vendor\xpdo\xpdo\src\xPDO\Cache\xPDOCacheManager.php : 324) PHP warning: mkdir(): File exists
[2026-03-25 12:55:29] (ERROR @ C:\xampp\htdocs\srilankarentacar.com\core\cache\includes\elements\modx\revolution\modsnippet\10.include.cache.php : 49) PHP warning: Undefined variable $baseRental
[2026-03-25 12:55:29] (ERROR @ C:\xampp\htdocs\srilankarentacar.com\core\cache\includes\elements\modx\revolution\modsnippet\10.include.cache.php : 54) PHP warning: Undefined variable $discountAppliesToThisVehicle
[2026-03-25 12:55:29] (ERROR @ C:\xampp\htdocs\srilankarentacar.com\core\cache\includes\elements\modx\revolution\modsnippet\10.include.cache.php : 55) PHP warning: Undefined variable $discountAppliesToThisVehicle
[2026-03-25 12:55:29] (ERROR @ C:\xampp\htdocs\srilankarentacar.com\core\cache\includes\elements\modx\revolution\modsnippet\10.include.cache.php : 56) PHP warning: Undefined variable $baseRentalOriginal
[2026-03-25 12:55:41] (ERROR @ C:\xampp\htdocs\srilankarentacar.com\core\cache\includes\elements\modx\revolution\modsnippet\10.include.cache.php : 49) PHP warning: Undefined variable $baseRental
[2026-03-25 12:55:41] (ERROR @ C:\xampp\htdocs\srilankarentacar.com\core\cache\includes\elements\modx\revolution\modsnippet\10.include.cache.php : 54) PHP warning: Undefined variable $discountAppliesToThisVehicle
[2026-03-25 12:55:41] (ERROR @ C:\xampp\htdocs\srilankarentacar.com\core\cache\includes\elements\modx\revolution\modsnippet\10.include.cache.php : 55) PHP warning: Undefined variable $discountAppliesToThisVehicle
[2026-03-25 12:55:41] (ERROR @ C:\xampp\htdocs\srilankarentacar.com\core\cache\includes\elements\modx\revolution\modsnippet\10.include.cache.php : 56) PHP warning: Undefined variable $baseRentalOriginal
[2026-03-26 04:56:32] (ERROR @ C:\xampp\htdocs\srilankarentacar.com\core\vendor\xpdo\xpdo\src\xPDO\Cache\xPDOCacheManager.php : 319) PHP warning: mkdir(): File exists
[2026-03-26 04:56:32] (ERROR @ C:\xampp\htdocs\srilankarentacar.com\core\vendor\xpdo\xpdo\src\xPDO\Cache\xPDOCacheManager.php : 324) PHP warning: mkdir(): File exists
[2026-03-26 04:57:19] (ERROR @ C:\xampp\htdocs\srilankarentacar.com\core\vendor\xpdo\xpdo\src\xPDO\Cache\xPDOCacheManager.php : 319) PHP warning: mkdir(): File exists
[2026-03-26 04:57:19] (ERROR @ C:\xampp\htdocs\srilankarentacar.com\core\vendor\xpdo\xpdo\src\xPDO\Cache\xPDOCacheManager.php : 324) PHP warning: mkdir(): File exists
[2026-03-26 09:13:32] (ERROR @ C:\xampp\htdocs\srilankarentacar.com\core\cache\includes\elements\modx\revolution\modsnippet\10.include.cache.php : 49) PHP warning: Undefined variable $baseRental
[2026-03-26 09:13:32] (ERROR @ C:\xampp\htdocs\srilankarentacar.com\core\cache\includes\elements\modx\revolution\modsnippet\10.include.cache.php : 54) PHP warning: Undefined variable $discountAppliesToThisVehicle
[2026-03-26 09:13:32] (ERROR @ C:\xampp\htdocs\srilankarentacar.com\core\cache\includes\elements\modx\revolution\modsnippet\10.include.cache.php : 55) PHP warning: Undefined variable $discountAppliesToThisVehicle
[2026-03-26 09:13:32] (ERROR @ C:\xampp\htdocs\srilankarentacar.com\core\cache\includes\elements\modx\revolution\modsnippet\10.include.cache.php : 56) PHP warning: Undefined variable $baseRentalOriginal
[2026-03-26 09:45:26] (ERROR @ C:\xampp\htdocs\srilankarentacar.com\core\cache\includes\elements\modx\revolution\modsnippet\10.include.cache.php : 49) PHP warning: Undefined variable $baseRental
[2026-03-26 09:45:26] (ERROR @ C:\xampp\htdocs\srilankarentacar.com\core\cache\includes\elements\modx\revolution\modsnippet\10.include.cache.php : 54) PHP warning: Undefined variable $discountAppliesToThisVehicle
[2026-03-26 09:45:26] (ERROR @ C:\xampp\htdocs\srilankarentacar.com\core\cache\includes\elements\modx\revolution\modsnippet\10.include.cache.php : 55) PHP warning: Undefined variable $discountAppliesToThisVehicle
[2026-03-26 09:45:26] (ERROR @ C:\xampp\htdocs\srilankarentacar.com\core\cache\includes\elements\modx\revolution\modsnippet\10.include.cache.php : 56) PHP warning: Undefined variable $baseRentalOriginal
[2026-03-26 11:09:23] (ERROR @ C:\xampp\htdocs\srilankarentacar.com\core\cache\includes\elements\modx\revolution\modsnippet\10.include.cache.php : 49) PHP warning: Undefined variable $baseRental
[2026-03-26 11:09:23] (ERROR @ C:\xampp\htdocs\srilankarentacar.com\core\cache\includes\elements\modx\revolution\modsnippet\10.include.cache.php : 54) PHP warning: Undefined variable $discountAppliesToThisVehicle
[2026-03-26 11:09:23] (ERROR @ C:\xampp\htdocs\srilankarentacar.com\core\cache\includes\elements\modx\revolution\modsnippet\10.include.cache.php : 55) PHP warning: Undefined variable $discountAppliesToThisVehicle
[2026-03-26 11:09:23] (ERROR @ C:\xampp\htdocs\srilankarentacar.com\core\cache\includes\elements\modx\revolution\modsnippet\10.include.cache.php : 56) PHP warning: Undefined variable $baseRentalOriginal
[2026-03-26 11:31:17] (ERROR @ C:\xampp\htdocs\srilankarentacar.com\core\cache\includes\elements\modx\revolution\modsnippet\10.include.cache.php : 49) PHP warning: Undefined variable $baseRental
[2026-03-26 11:31:17] (ERROR @ C:\xampp\htdocs\srilankarentacar.com\core\cache\includes\elements\modx\revolution\modsnippet\10.include.cache.php : 54) PHP warning: Undefined variable $discountAppliesToThisVehicle
[2026-03-26 11:31:17] (ERROR @ C:\xampp\htdocs\srilankarentacar.com\core\cache\includes\elements\modx\revolution\modsnippet\10.include.cache.php : 55) PHP warning: Undefined variable $discountAppliesToThisVehicle
[2026-03-26 11:31:17] (ERROR @ C:\xampp\htdocs\srilankarentacar.com\core\cache\includes\elements\modx\revolution\modsnippet\10.include.cache.php : 56) PHP warning: Undefined variable $baseRentalOriginal
[2026-03-26 11:32:37] (ERROR @ C:\xampp\htdocs\srilankarentacar.com\core\cache\includes\elements\modx\revolution\modsnippet\10.include.cache.php : 49) PHP warning: Undefined variable $baseRental
[2026-03-26 11:32:37] (ERROR @ C:\xampp\htdocs\srilankarentacar.com\core\cache\includes\elements\modx\revolution\modsnippet\10.include.cache.php : 54) PHP warning: Undefined variable $discountAppliesToThisVehicle
[2026-03-26 11:32:37] (ERROR @ C:\xampp\htdocs\srilankarentacar.com\core\cache\includes\elements\modx\revolution\modsnippet\10.include.cache.php : 55) PHP warning: Undefined variable $discountAppliesToThisVehicle
[2026-03-26 11:32:37] (ERROR @ C:\xampp\htdocs\srilankarentacar.com\core\cache\includes\elements\modx\revolution\modsnippet\10.include.cache.php : 56) PHP warning: Undefined variable $baseRentalOriginal
[2026-03-26 12:15:40] (ERROR @ C:\xampp\htdocs\srilankarentacar.com\core\cache\includes\elements\modx\revolution\modsnippet\10.include.cache.php : 49) PHP warning: Undefined variable $baseRental
[2026-03-26 12:15:40] (ERROR @ C:\xampp\htdocs\srilankarentacar.com\core\cache\includes\elements\modx\revolution\modsnippet\10.include.cache.php : 54) PHP warning: Undefined variable $discountAppliesToThisVehicle
[2026-03-26 12:15:40] (ERROR @ C:\xampp\htdocs\srilankarentacar.com\core\cache\includes\elements\modx\revolution\modsnippet\10.include.cache.php : 55) PHP warning: Undefined variable $discountAppliesToThisVehicle
[2026-03-26 12:15:40] (ERROR @ C:\xampp\htdocs\srilankarentacar.com\core\cache\includes\elements\modx\revolution\modsnippet\10.include.cache.php : 56) PHP warning: Undefined variable $baseRentalOriginal
[2026-03-26 12:33:38] (ERROR @ C:\xampp\htdocs\srilankarentacar.com\core\cache\includes\elements\modx\revolution\modsnippet\10.include.cache.php : 49) PHP warning: Undefined variable $baseRental
[2026-03-26 12:33:38] (ERROR @ C:\xampp\htdocs\srilankarentacar.com\core\cache\includes\elements\modx\revolution\modsnippet\10.include.cache.php : 54) PHP warning: Undefined variable $discountAppliesToThisVehicle
[2026-03-26 12:33:38] (ERROR @ C:\xampp\htdocs\srilankarentacar.com\core\cache\includes\elements\modx\revolution\modsnippet\10.include.cache.php : 55) PHP warning: Undefined variable $discountAppliesToThisVehicle
[2026-03-26 12:33:38] (ERROR @ C:\xampp\htdocs\srilankarentacar.com\core\cache\includes\elements\modx\revolution\modsnippet\10.include.cache.php : 56) PHP warning: Undefined variable $baseRentalOriginal
[2026-03-26 12:44:54] (ERROR @ C:\xampp\htdocs\srilankarentacar.com\core\cache\includes\elements\modx\revolution\modsnippet\10.include.cache.php : 49) PHP warning: Undefined variable $baseRental
[2026-03-26 12:44:54] (ERROR @ C:\xampp\htdocs\srilankarentacar.com\core\cache\includes\elements\modx\revolution\modsnippet\10.include.cache.php : 54) PHP warning: Undefined variable $discountAppliesToThisVehicle
[2026-03-26 12:44:54] (ERROR @ C:\xampp\htdocs\srilankarentacar.com\core\cache\includes\elements\modx\revolution\modsnippet\10.include.cache.php : 55) PHP warning: Undefined variable $discountAppliesToThisVehicle
[2026-03-26 12:44:54] (ERROR @ C:\xampp\htdocs\srilankarentacar.com\core\cache\includes\elements\modx\revolution\modsnippet\10.include.cache.php : 56) PHP warning: Undefined variable $baseRentalOriginal
[2026-03-27 06:08:50] (ERROR @ C:\xampp\htdocs\srilankarentacar.com\core\cache\includes\elements\modx\revolution\modsnippet\10.include.cache.php : 49) PHP warning: Undefined variable $baseRental
[2026-03-27 06:08:50] (ERROR @ C:\xampp\htdocs\srilankarentacar.com\core\cache\includes\elements\modx\revolution\modsnippet\10.include.cache.php : 54) PHP warning: Undefined variable $discountAppliesToThisVehicle
[2026-03-27 06:08:50] (ERROR @ C:\xampp\htdocs\srilankarentacar.com\core\cache\includes\elements\modx\revolution\modsnippet\10.include.cache.php : 55) PHP warning: Undefined variable $discountAppliesToThisVehicle
[2026-03-27 06:08:50] (ERROR @ C:\xampp\htdocs\srilankarentacar.com\core\cache\includes\elements\modx\revolution\modsnippet\10.include.cache.php : 56) PHP warning: Undefined variable $baseRentalOriginal
[2026-03-27 06:11:02] (ERROR @ C:\xampp\htdocs\srilankarentacar.com\core\vendor\xpdo\xpdo\src\xPDO\Cache\xPDOCacheManager.php : 319) PHP warning: mkdir(): File exists
[2026-03-27 06:11:02] (ERROR @ C:\xampp\htdocs\srilankarentacar.com\core\vendor\xpdo\xpdo\src\xPDO\Cache\xPDOCacheManager.php : 324) PHP warning: mkdir(): File exists
[2026-03-27 07:14:05] (ERROR @ C:\xampp\htdocs\srilankarentacar.com\core\vendor\xpdo\xpdo\src\xPDO\Cache\xPDOCacheManager.php : 319) PHP warning: mkdir(): File exists
[2026-03-27 07:14:05] (ERROR @ C:\xampp\htdocs\srilankarentacar.com\core\vendor\xpdo\xpdo\src\xPDO\Cache\xPDOCacheManager.php : 324) PHP warning: mkdir(): File exists
[2026-03-27 07:25:52] (ERROR @ C:\xampp\htdocs\srilankarentacar.com\core\cache\includes\elements\modx\revolution\modsnippet\10.include.cache.php : 49) PHP warning: Undefined variable $baseRental
[2026-03-27 07:25:52] (ERROR @ C:\xampp\htdocs\srilankarentacar.com\core\cache\includes\elements\modx\revolution\modsnippet\10.include.cache.php : 54) PHP warning: Undefined variable $discountAppliesToThisVehicle
[2026-03-27 07:25:52] (ERROR @ C:\xampp\htdocs\srilankarentacar.com\core\cache\includes\elements\modx\revolution\modsnippet\10.include.cache.php : 55) PHP warning: Undefined variable $discountAppliesToThisVehicle
[2026-03-27 07:25:52] (ERROR @ C:\xampp\htdocs\srilankarentacar.com\core\cache\includes\elements\modx\revolution\modsnippet\10.include.cache.php : 56) PHP warning: Undefined variable $baseRentalOriginal
[2026-03-27 07:27:41] (ERROR @ C:\xampp\htdocs\srilankarentacar.com\core\vendor\xpdo\xpdo\src\xPDO\Cache\xPDOCacheManager.php : 319) PHP warning: mkdir(): File exists
[2026-03-27 07:27:41] (ERROR @ C:\xampp\htdocs\srilankarentacar.com\core\vendor\xpdo\xpdo\src\xPDO\Cache\xPDOCacheManager.php : 324) PHP warning: mkdir(): File exists
[2026-03-31 10:17:05] (ERROR in xPDO\xPDOConnection::connect @ C:\xampp\htdocs\srilankarentacar.com\core\vendor\xpdo\xpdo\src\xPDO\xPDOConnection.php : 89) SQLSTATE[HY000] [2002] No connection could be made because the target machine actively refused it
[2026-03-31 10:17:05] (ERROR @ C:\xampp\htdocs\srilankarentacar.com\core\vendor\xpdo\xpdo\src\xPDO\Om\xPDOQuery.php : 670) Could not construct or prepare query because it is invalid or could not connect: SELECT `modExtensionPackage`.`id`, `modExtensionPackage`.`namespace`, `modExtensionPackage`.`name`, `modExtensionPackage`.`path`, `modExtensionPackage`.`table_prefix`, `modExtensionPackage`.`service_class`, `modExtensionPackage`.`service_name`, `modExtensionPackage`.`created_at`, `modExtensionPackage`.`updated_at`, Namespace.path AS namespace_path FROM `modx_extension_packages` AS `modExtensionPackage` JOIN `modx_namespaces` `Namespace` ON `modExtensionPackage`.`namespace` =  `Namespace`.`name` ORDER BY namespace ASC 
[2026-03-31 10:17:07] (ERROR in xPDO\xPDOConnection::connect @ C:\xampp\htdocs\srilankarentacar.com\core\vendor\xpdo\xpdo\src\xPDO\xPDOConnection.php : 89) SQLSTATE[HY000] [2002] No connection could be made because the target machine actively refused it
[2026-03-31 10:17:07] (ERROR @ C:\xampp\htdocs\srilankarentacar.com\core\vendor\xpdo\xpdo\src\xPDO\Om\xPDOQuery.php : 670) Could not construct or prepare query because it is invalid or could not connect: SELECT `modExtensionPackage`.`id`, `modExtensionPackage`.`namespace`, `modExtensionPackage`.`name`, `modExtensionPackage`.`path`, `modExtensionPackage`.`table_prefix`, `modExtensionPackage`.`service_class`, `modExtensionPackage`.`service_name`, `modExtensionPackage`.`created_at`, `modExtensionPackage`.`updated_at`, Namespace.path AS namespace_path FROM `modx_extension_packages` AS `modExtensionPackage` JOIN `modx_namespaces` `Namespace` ON `modExtensionPackage`.`namespace` =  `Namespace`.`name` ORDER BY namespace ASC 
[2026-03-31 10:17:09] (ERROR in xPDO\xPDOConnection::connect @ C:\xampp\htdocs\srilankarentacar.com\core\vendor\xpdo\xpdo\src\xPDO\xPDOConnection.php : 89) SQLSTATE[HY000] [2002] No connection could be made because the target machine actively refused it
[2026-03-31 10:17:09] (ERROR @ C:\xampp\htdocs\srilankarentacar.com\core\vendor\xpdo\xpdo\src\xPDO\Om\xPDOQuery.php : 670) Could not construct or prepare query because it is invalid or could not connect: SELECT `modSession`.`id` AS `modSession_id`, `modSession`.`access` AS `modSession_access`, `modSession`.`data` AS `modSession_data` FROM `modx_session` AS `modSession` WHERE `modSession`.`id` = ? 
[2026-03-31 10:17:09] (ERROR in xPDO\xPDOConnection::connect @ C:\xampp\htdocs\srilankarentacar.com\core\vendor\xpdo\xpdo\src\xPDO\xPDOConnection.php : 89) SQLSTATE[HY000] [2002] No connection could be made because the target machine actively refused it
[2026-03-31 10:17:09] (ERROR @ C:\xampp\htdocs\srilankarentacar.com\core\vendor\xpdo\xpdo\src\xPDO\Om\xPDOQuery.php : 670) Could not construct or prepare query because it is invalid or could not connect: SELECT `modSession`.`id` AS `modSession_id`, `modSession`.`access` AS `modSession_access`, `modSession`.`data` AS `modSession_data` FROM `modx_session` AS `modSession` WHERE `modSession`.`id` = ? 
[2026-03-31 10:17:10] (ERROR @ C:\xampp\htdocs\srilankarentacar.com\core\vendor\xpdo\xpdo\src\xPDO\Om\xPDOObject.php : 250) Error preparing statement for query: SELECT `modSession`.`id` AS `modSession_id`, `modSession`.`access` AS `modSession_access`, `modSession`.`data` AS `modSession_data` FROM `modx_session` AS `modSession` WHERE `modSession`.`id` = ?  - Array
(
    [0] => 00000
    [1] => 
    [2] => 
)

[2026-03-31 10:17:10] (ERROR @ C:\xampp\htdocs\srilankarentacar.com\core\vendor\xpdo\xpdo\src\xPDO\Om\xPDOObject.php : 250) Error preparing statement for query: SELECT `modSession`.`id` AS `modSession_id`, `modSession`.`access` AS `modSession_access`, `modSession`.`data` AS `modSession_data` FROM `modx_session` AS `modSession` WHERE `modSession`.`id` = ?  - Array
(
    [0] => 00000
    [1] => 
    [2] => 
)

